<?xml version="1.0" encoding="UTF-8"?>
<!-- Generated by org.testng.reporters.JUnitReportReporter -->
<testsuite hostname="UGLYMONSTER" name="ru.st.LoginTest" tests="1" failures="0" timestamp="18 Mar 2013 21:33:22 GMT" time="3.698" errors="0">
  <testcase name="testLogin" time="3.698" classname="ru.st.LoginTest"/>
</testsuite> <!-- ru.st.LoginTest -->
