<?xml version="1.0" encoding="UTF-8"?>
<!-- Generated by org.testng.reporters.JUnitReportReporter -->
<testsuite hostname="UGLYMONSTER" name="ru.st.LoginTest" tests="1" failures="0" timestamp="18 Mar 2013 21:44:25 GMT" time="4.272" errors="0">
  <testcase name="testLogin" time="4.272" classname="ru.st.LoginTest"/>
</testsuite> <!-- ru.st.LoginTest -->
